<?xml version="1.0" encoding="UTF-8"?>
<!-- Generated by org.testng.reporters.JUnitReportReporter -->
<testsuite skipped="0" hostname="Lenovo" name="org.test.Mock" tests="2" failures="0" timestamp="07 Sep 2020 03:40:14 GMT" time="0.946" errors="0">
  <testcase name="test" time="0.367" classname="org.test.Mock"/>
  <testcase name="test" time="0.579" classname="org.test.Mock"/>
</testsuite> <!-- org.test.Mock -->
